<?xml version="1.0" encoding="UTF-8"?>
<testsuite xmlns:xsi="http://www.w3.org/2001/XMLSchema-instance" xsi:noNamespaceSchemaLocation="https://maven.apache.org/surefire/maven-surefire-plugin/xsd/surefire-test-report.xsd" name="com.dietician.runner.TestRunner" time="7.922" tests="53" errors="0" skipped="0" failures="0">
  <properties>
[...]
</properties>
  <testcase name="Add New Patient Details" classname="Add New Patient Page" time="1.542"/>
  <testcase name="Empty Form submission For Add New Patient Details" classname="Add New Patient Page" time="1.363"/>
  <testcase name="Full Name Field Numeric Value Validation" classname="Add New Patient Page" time="0.381"/>
  <testcase name="Full Name Field Space Validation" classname="Add New Patient Page" time="0.25"/>
  <testcase name="Full Name Field Empty Value Validation" classname="Add New Patient Page" time="0.203"/>
  <testcase name="Addess line 1 Field Empty Value Validation" classname="Add New Patient Page" time="0.156"/>
  <testcase name="Country Field Empty Value Validation" classname="Add New Patient Page" time="0.141"/>
  <testcase name="City Field Numeric Value Validation" classname="Add New Patient Page" time="0.14"/>
  <testcase name="City Field Empty Value Validation" classname="Add New Patient Page" time="0.141"/>
  <testcase name="State, province or region Field Numeric Value Validation" classname="Add New Patient Page" time="0.125"/>
  <testcase name="State, province or region Field Empty Value Validation" classname="Add New Patient Page" time="0.156"/>
  <testcase name="Postal code Field Empty Value Validation" classname="Add New Patient Page" time="0.109"/>
  <testcase name="Postal code Field Wrong Data Fomat Validation" classname="Add New Patient Page" time="0.125"/>
  <testcase name="Email Field Empty Value Validation" classname="Add New Patient Page" time="0.162"/>
  <testcase name="Email Field Wrong Data Fomat Validation" classname="Add New Patient Page" time="0.055"/>
  <testcase name="Phone number Field Character Value Validation" classname="Add New Patient Page" time="0.033"/>
  <testcase name="Phone number Field Empty Value Validation" classname="Add New Patient Page" time="0.103"/>
  <testcase name="Inserting Valid New Patient data submission" classname="Add New Patient Page" time="0.103"/>
  <testcase name="Valid New Patient data submission" classname="Add New Patient Page" time="0.031"/>
  <testcase name="Verify Dietician Home Page After Login" classname="Dietician Home Page" time="0.031"/>
  <testcase name="Verify New Patient Page After Login" classname="Dietician Home Page" time="0.047"/>
  <testcase name="Verify My Patient Page After Login" classname="Dietician Home Page" time="0.032"/>
  <testcase name="Verify Diet Plans Page After Login" classname="Dietician Home Page" time="0.031"/>
  <testcase name="Clicking New Patient menu After Login" classname="Dietician Home Page" time="0.015"/>
  <testcase name="Clicking My patient menu After Login" classname="Dietician Home Page" time="0.032"/>
  <testcase name="Clicking Diet Plans menu After Login" classname="Dietician Home Page" time="0.031"/>
  <testcase name="Verify Dietician Home Page Side Bar After Login" classname="Dietician Home Page" time="0.016"/>
  <testcase name="Dietician Home Page Dietician name verification After Login" classname="Dietician Home Page" time="0.031"/>
  <testcase name="Verify Dietician Home Page image and Content After Login" classname="Dietician Home Page" time="0.015"/>
  <testcase name="Verify Dietician Home Page Ssign out btn After Login" classname="Dietician Home Page" time="0.016"/>
  <testcase name="Validating the Sign In page mandatory fields" classname="Sign In page mandatory fields" time="0.031"/>
  <testcase name="Validating the title of Sign In Page" classname="Sign In Page Title" time="0.031"/>
  <testcase name="Validating the heading on Log in with your email form" classname="Log in with email on Sign In Form" time="0.032"/>
  <testcase name="Validating Login button on Log in with your email form" classname="Log in with email on Sign In Form" time="0.031"/>
  <testcase name="Validating Sign In with Email and password empty" classname="Log in with email on Sign In Form" time="0.016"/>
  <testcase name="Validating Sign In with invalid email and valid password" classname="Log in with email on Sign In Form" time="0.015"/>
  <testcase name="Validating Sign In with valid email and invalid password" classname="Log in with email on Sign In Form" time="0.031"/>
  <testcase name="Validating Sign In with valid email and empty password field" classname="Log in with email on Sign In Form" time="0.016"/>
  <testcase name="Validating Sign In with both invalid email and password" classname="Log in with email on Sign In Form" time="0.016"/>
  <testcase name="Validating Sign In with both valid email and password" classname="Log in with email on Sign In Form" time="0.031"/>
  <testcase name="Validating Sign In with Forgot your password link" classname="Log in with email on Sign In Form" time="0.031"/>
  <testcase name="Validating Sign In with Facebook button" classname="Log in with email on Sign In Form" time="0.016"/>
  <testcase name="Validating Sign In with Google button" classname="Log in with email on Sign In Form" time="0.015"/>
  <testcase name="Validating Sign In with SignUp button" classname="Log in with email on Sign In Form" time="0.016"/>
  <testcase name="Validating the Sign In form heading" classname="Sign In Form with Username" time="0.015"/>
  <testcase name="Validating Sign In button" classname="Sign In Form with Username" time="0.016"/>
  <testcase name="Validating Sign In Process with all fields empty" classname="Sign In Form with Username" time="0.062"/>
  <testcase name="Validating Sign InProcess with invalid FirstName" classname="Sign In Form with Username" time="0.016"/>
  <testcase name="Validating Sign In process with invalid password" classname="Sign In Form with Username" time="0"/>
  <testcase name="Validating Sign In with both invalid username and password" classname="Sign In Form with Username" time="0.063"/>
  <testcase name="Validating Sign In with Forgot password button" classname="Sign In Form with Username" time="0.015"/>
  <testcase name="Validating Sign In with Not member Yet button" classname="Sign In Form with Username" time="0.031"/>
  <testcase name="Validating Sign In with all fields valid entry" classname="Sign In Form with Username" time="0.047"/>
</testsuite>